2018-06-19 14:18:16.984 [main] DEBUG com.miaozhen.o2o.dao.ShopDao.queryShopList - ==>  Preparing: SELECT s.shop_id, s.shop_name, s.shop_desc, s.shop_addr, s.phone, s.shop_img, s.priority, s.create_time, s.last_edit_time, s.enable_status, s.advice, a.area_id, a.area_name, sc.shop_category_id, sc.shop_category_name FROM tb_shop s, tb_area a, tb_shop_category sc WHERE s.shop_category_id in (select shop_category_id from tb_shop_category WHERE parent_id = ?) AND s.area_id=a.area_id AND s.shop_category_id = sc.shop_category_id ORDER BY s.priority DESC LIMIT ?,?; 
2018-06-19 14:18:17.029 [main] DEBUG com.miaozhen.o2o.dao.ShopDao.queryShopList - ==> Parameters: 12(Long), 0(Integer), 6(Integer)
2018-06-19 14:18:17.062 [main] DEBUG com.miaozhen.o2o.dao.ShopDao.queryShopList - <==      Total: 6
2018-06-19 14:18:17.102 [main] DEBUG com.miaozhen.o2o.dao.ShopDao.queryShopCount - ==>  Preparing: SELECT count(1) FROM tb_shop s, tb_area a, tb_shop_category sc WHERE s.shop_category_id in (select shop_category_id from tb_shop_category WHERE parent_id = ?) AND s.area_id=a.area_id AND s.shop_category_id = sc.shop_category_id 
2018-06-19 14:18:17.103 [main] DEBUG com.miaozhen.o2o.dao.ShopDao.queryShopCount - ==> Parameters: 12(Long)
2018-06-19 14:18:17.107 [main] DEBUG com.miaozhen.o2o.dao.ShopDao.queryShopCount - <==      Total: 1
2018-06-19 14:41:56.908 [main] DEBUG com.miaozhen.o2o.dao.ShopDao.queryShopList - ==>  Preparing: SELECT s.shop_id, s.shop_name, s.shop_desc, s.shop_addr, s.phone, s.shop_img, s.priority, s.create_time, s.last_edit_time, s.enable_status, s.advice, a.area_id, a.area_name, sc.shop_category_id, sc.shop_category_name FROM tb_shop s, tb_area a, tb_shop_category sc WHERE s.shop_category_id in (select shop_category_id from tb_shop_category WHERE parent_id = ?) AND s.area_id=a.area_id AND s.shop_category_id = sc.shop_category_id ORDER BY s.priority DESC LIMIT ?,?; 
2018-06-19 14:41:56.937 [main] DEBUG com.miaozhen.o2o.dao.ShopDao.queryShopList - ==> Parameters: 12(Long), 0(Integer), 6(Integer)
2018-06-19 14:41:56.953 [main] DEBUG com.miaozhen.o2o.dao.ShopDao.queryShopList - <==      Total: 6
2018-06-19 14:41:56.953 [main] DEBUG com.miaozhen.o2o.dao.ShopDao.queryShopCount - ==>  Preparing: SELECT count(1) FROM tb_shop s, tb_area a, tb_shop_category sc WHERE s.shop_category_id in (select shop_category_id from tb_shop_category WHERE parent_id = ?) AND s.area_id=a.area_id AND s.shop_category_id = sc.shop_category_id 
2018-06-19 14:41:56.953 [main] DEBUG com.miaozhen.o2o.dao.ShopDao.queryShopCount - ==> Parameters: 12(Long)
2018-06-19 14:41:56.953 [main] DEBUG com.miaozhen.o2o.dao.ShopDao.queryShopCount - <==      Total: 1
2018-06-19 14:42:20.330 [main] DEBUG com.miaozhen.o2o.dao.ShopDao.queryShopList - ==>  Preparing: SELECT s.shop_id, s.shop_name, s.shop_desc, s.shop_addr, s.phone, s.shop_img, s.priority, s.create_time, s.last_edit_time, s.enable_status, s.advice, a.area_id, a.area_name, sc.shop_category_id, sc.shop_category_name FROM tb_shop s, tb_area a, tb_shop_category sc WHERE s.shop_category_id in (select shop_category_id from tb_shop_category WHERE parent_id = ?) AND s.area_id=a.area_id AND s.shop_category_id = sc.shop_category_id ORDER BY s.priority DESC LIMIT ?,?; 
2018-06-19 14:42:20.565 [main] DEBUG com.miaozhen.o2o.dao.ShopDao.queryShopList - ==> Parameters: 12(Long), 0(Integer), 6(Integer)
2018-06-19 14:42:20.743 [main] DEBUG com.miaozhen.o2o.dao.ShopDao.queryShopList - <==      Total: 6
2018-06-19 14:43:17.084 [main] DEBUG com.miaozhen.o2o.dao.ShopDao.queryShopCount - ==>  Preparing: SELECT count(1) FROM tb_shop s, tb_area a, tb_shop_category sc WHERE s.shop_category_id in (select shop_category_id from tb_shop_category WHERE parent_id = ?) AND s.area_id=a.area_id AND s.shop_category_id = sc.shop_category_id 
2018-06-19 14:43:17.084 [main] DEBUG com.miaozhen.o2o.dao.ShopDao.queryShopCount - ==> Parameters: 12(Long)
2018-06-19 14:43:17.084 [main] DEBUG com.miaozhen.o2o.dao.ShopDao.queryShopCount - <==      Total: 1
2018-06-19 14:51:53.954 [main] DEBUG com.miaozhen.o2o.dao.ShopDao.queryShopList - ==>  Preparing: SELECT s.shop_id, s.shop_name, s.shop_desc, s.shop_addr, s.phone, s.shop_img, s.priority, s.create_time, s.last_edit_time, s.enable_status, s.advice, a.area_id, a.area_name, sc.shop_category_id, sc.shop_category_name FROM tb_shop s, tb_area a, tb_shop_category sc WHERE s.shop_category_id in (select shop_category_id from tb_shop_category WHERE parent_id = ?) AND s.area_id=a.area_id AND s.shop_category_id = sc.shop_category_id ORDER BY s.priority DESC LIMIT ?,?; 
2018-06-19 14:51:54.001 [main] DEBUG com.miaozhen.o2o.dao.ShopDao.queryShopList - ==> Parameters: 12(Long), 0(Integer), 6(Integer)
2018-06-19 14:51:54.017 [main] DEBUG com.miaozhen.o2o.dao.ShopDao.queryShopList - <==      Total: 6
2018-06-19 14:51:54.017 [main] DEBUG com.miaozhen.o2o.dao.ShopDao.queryShopCount - ==>  Preparing: SELECT count(1) FROM tb_shop s, tb_area a, tb_shop_category sc WHERE s.shop_category_id in (select shop_category_id from tb_shop_category WHERE parent_id = ?) AND s.area_id=a.area_id AND s.shop_category_id = sc.shop_category_id 
2018-06-19 14:51:54.017 [main] DEBUG com.miaozhen.o2o.dao.ShopDao.queryShopCount - ==> Parameters: 12(Long)
2018-06-19 14:51:54.017 [main] DEBUG com.miaozhen.o2o.dao.ShopDao.queryShopCount - <==      Total: 1
2018-06-19 14:52:13.000 [main] DEBUG com.miaozhen.o2o.dao.ShopDao.queryShopList - ==>  Preparing: SELECT s.shop_id, s.shop_name, s.shop_desc, s.shop_addr, s.phone, s.shop_img, s.priority, s.create_time, s.last_edit_time, s.enable_status, s.advice, a.area_id, a.area_name, sc.shop_category_id, sc.shop_category_name FROM tb_shop s, tb_area a, tb_shop_category sc WHERE s.shop_category_id in (select shop_category_id from tb_shop_category WHERE parent_id = ?) AND s.area_id=a.area_id AND s.shop_category_id = sc.shop_category_id ORDER BY s.priority DESC LIMIT ?,?; 
2018-06-19 14:52:13.223 [main] DEBUG com.miaozhen.o2o.dao.ShopDao.queryShopList - ==> Parameters: 12(Long), 0(Integer), 6(Integer)
2018-06-19 14:52:13.407 [main] DEBUG com.miaozhen.o2o.dao.ShopDao.queryShopList - <==      Total: 6
2018-06-19 15:01:21.582 [main] DEBUG com.miaozhen.o2o.dao.ShopDao.queryShopCount - ==>  Preparing: SELECT count(1) FROM tb_shop s, tb_area a, tb_shop_category sc WHERE s.shop_category_id in (select shop_category_id from tb_shop_category WHERE parent_id = ?) AND s.area_id=a.area_id AND s.shop_category_id = sc.shop_category_id 
2018-06-19 15:01:21.582 [main] DEBUG com.miaozhen.o2o.dao.ShopDao.queryShopCount - ==> Parameters: 12(Long)
2018-06-19 15:01:21.582 [main] DEBUG com.miaozhen.o2o.dao.ShopDao.queryShopCount - <==      Total: 1
2018-06-19 15:01:32.750 [main] DEBUG com.miaozhen.o2o.dao.ShopDao.queryShopList - ==>  Preparing: SELECT s.shop_id, s.shop_name, s.shop_desc, s.shop_addr, s.phone, s.shop_img, s.priority, s.create_time, s.last_edit_time, s.enable_status, s.advice, a.area_id, a.area_name, sc.shop_category_id, sc.shop_category_name FROM tb_shop s, tb_area a, tb_shop_category sc WHERE s.area_id=a.area_id AND s.shop_category_id = sc.shop_category_id ORDER BY s.priority DESC LIMIT ?,?; 
2018-06-19 15:01:32.781 [main] DEBUG com.miaozhen.o2o.dao.ShopDao.queryShopList - ==> Parameters: 0(Integer), 6(Integer)
2018-06-19 15:01:32.797 [main] DEBUG com.miaozhen.o2o.dao.ShopDao.queryShopList - <==      Total: 6
2018-06-19 15:01:32.812 [main] DEBUG com.miaozhen.o2o.dao.ShopDao.queryShopCount - ==>  Preparing: SELECT count(1) FROM tb_shop s, tb_area a, tb_shop_category sc WHERE s.shop_category_id in (select shop_category_id from tb_shop_category WHERE parent_id = ?) AND s.area_id=a.area_id AND s.shop_category_id = sc.shop_category_id 
2018-06-19 15:01:32.812 [main] DEBUG com.miaozhen.o2o.dao.ShopDao.queryShopCount - ==> Parameters: 12(Long)
2018-06-19 15:01:32.812 [main] DEBUG com.miaozhen.o2o.dao.ShopDao.queryShopCount - <==      Total: 1
2018-06-19 15:16:58.696 [main] DEBUG com.miaozhen.o2o.dao.ShopDao.queryShopList - ==>  Preparing: SELECT s.shop_id, s.shop_name, s.shop_desc, s.shop_addr, s.phone, s.shop_img, s.priority, s.create_time, s.last_edit_time, s.enable_status, s.advice, a.area_id, a.area_name, sc.shop_category_id, sc.shop_category_name FROM tb_shop s, tb_area a, tb_shop_category sc WHERE s.owner_id = ? AND s.area_id=a.area_id AND s.shop_category_id = sc.shop_category_id ORDER BY s.priority DESC LIMIT ?,?; 
2018-06-19 15:16:58.930 [main] DEBUG com.miaozhen.o2o.dao.ShopDao.queryShopList - ==> Parameters: 1(Long), 0(Integer), 5(Integer)
2018-06-19 15:16:59.107 [main] DEBUG com.miaozhen.o2o.dao.ShopDao.queryShopList - <==      Total: 5
2018-06-19 15:17:34.231 [main] DEBUG com.miaozhen.o2o.dao.ShopDao.queryShopList - ==>  Preparing: SELECT s.shop_id, s.shop_name, s.shop_desc, s.shop_addr, s.phone, s.shop_img, s.priority, s.create_time, s.last_edit_time, s.enable_status, s.advice, a.area_id, a.area_name, sc.shop_category_id, sc.shop_category_name FROM tb_shop s, tb_area a, tb_shop_category sc WHERE s.owner_id = ? AND s.area_id=a.area_id AND s.shop_category_id = sc.shop_category_id ORDER BY s.priority DESC LIMIT ?,?; 
2018-06-19 15:17:34.467 [main] DEBUG com.miaozhen.o2o.dao.ShopDao.queryShopList - ==> Parameters: 1(Long), 0(Integer), 100(Integer)
2018-06-19 15:17:34.672 [main] DEBUG com.miaozhen.o2o.dao.ShopDao.queryShopList - <==      Total: 8
2018-06-19 15:23:48.841 [main] DEBUG com.miaozhen.o2o.dao.ShopDao.queryShopList - ==>  Preparing: SELECT s.shop_id, s.shop_name, s.shop_desc, s.shop_addr, s.phone, s.shop_img, s.priority, s.create_time, s.last_edit_time, s.enable_status, s.advice, a.area_id, a.area_name, sc.shop_category_id, sc.shop_category_name FROM tb_shop s, tb_area a, tb_shop_category sc WHERE s.owner_id = ? AND s.area_id=a.area_id AND s.shop_category_id = sc.shop_category_id ORDER BY s.priority DESC LIMIT ?,?; 
2018-06-19 15:23:49.060 [main] DEBUG com.miaozhen.o2o.dao.ShopDao.queryShopList - ==> Parameters: 1(Long), 0(Integer), 100(Integer)
2018-06-19 15:23:49.247 [main] DEBUG com.miaozhen.o2o.dao.ShopDao.queryShopList - <==      Total: 8
2018-06-19 17:22:10.486 [main] DEBUG com.miaozhen.o2o.dao.ShopDao.queryShopList - ==>  Preparing: SELECT s.shop_id, s.shop_name, s.shop_desc, s.shop_addr, s.phone, s.shop_img, s.priority, s.create_time, s.last_edit_time, s.enable_status, s.advice, a.area_id, a.area_name, sc.shop_category_id, sc.shop_category_name FROM tb_shop s, tb_area a, tb_shop_category sc WHERE s.owner_id = ? AND s.area_id=a.area_id AND s.shop_category_id = sc.shop_category_id ORDER BY s.priority DESC LIMIT ?,?; 
2018-06-19 17:22:10.705 [main] DEBUG com.miaozhen.o2o.dao.ShopDao.queryShopList - ==> Parameters: 1(Long), 0(Integer), 100(Integer)
2018-06-19 17:24:33.581 [main] DEBUG com.miaozhen.o2o.dao.ShopDao.queryShopList - ==>  Preparing: SELECT s.shop_id, s.shop_name, s.shop_desc, s.shop_addr, s.phone, s.shop_img, s.priority, s.create_time, s.last_edit_time, s.enable_status, s.advice, a.area_id, a.area_name, sc.shop_category_id, sc.shop_category_name FROM tb_shop s, tb_area a, tb_shop_category sc WHERE s.owner_id = ? AND s.area_id=a.area_id AND s.shop_category_id = sc.shop_category_id ORDER BY s.priority DESC LIMIT ?,?; 
2018-06-19 17:24:33.612 [main] DEBUG com.miaozhen.o2o.dao.ShopDao.queryShopList - ==> Parameters: 1(Long), 0(Integer), 100(Integer)
